[0.059s] DEBUG:colcon:Command line arguments: ['/usr/bin/colcon', 'build']
[0.059s] DEBUG:colcon:Parsed command line arguments: Namespace(log_base=None, log_level=None, verb_name='build', build_base='build', install_base='install', merge_install=False, symlink_install=False, test_result_base=None, continue_on_error=False, executor='parallel', parallel_workers=12, event_handlers=None, ignore_user_meta=False, metas=['./colcon.meta'], base_paths=['.'], packages_ignore=None, packages_ignore_regex=None, paths=None, packages_up_to=None, packages_up_to_regex=None, packages_above=None, packages_above_and_dependencies=None, packages_above_depth=None, packages_select_by_dep=None, packages_skip_by_dep=None, packages_skip_up_to=None, packages_select_build_failed=False, packages_skip_build_finished=False, packages_select_test_failures=False, packages_skip_test_passed=False, packages_select=None, packages_skip=None, packages_select_regex=None, packages_skip_regex=None, packages_start=None, packages_end=None, allow_overriding=[], cmake_args=None, cmake_target=None, cmake_target_skip_unavailable=False, cmake_clean_cache=False, cmake_clean_first=False, cmake_force_configure=False, ament_cmake_args=None, catkin_cmake_args=None, catkin_skip_building_tests=False, verb_parser=<colcon_defaults.argument_parser.defaults.DefaultArgumentsDecorator object at 0x7af3c06df790>, verb_extension=<colcon_core.verb.build.BuildVerb object at 0x7af3c06de770>, main=<bound method BuildVerb.main of <colcon_core.verb.build.BuildVerb object at 0x7af3c06de770>>)
[0.144s] Level 1:colcon.colcon_core.package_discovery:discover_packages(colcon_meta) check parameters
[0.144s] Level 1:colcon.colcon_core.package_discovery:discover_packages(recursive) check parameters
[0.144s] Level 1:colcon.colcon_core.package_discovery:discover_packages(ignore) check parameters
[0.144s] Level 1:colcon.colcon_core.package_discovery:discover_packages(path) check parameters
[0.144s] Level 1:colcon.colcon_core.package_discovery:discover_packages(colcon_meta) discover
[0.144s] Level 1:colcon.colcon_core.package_discovery:discover_packages(recursive) discover
[0.144s] INFO:colcon.colcon_core.package_discovery:Crawling recursively for packages in '/home/ir-t12/ir_ws/src'
[0.144s] Level 1:colcon.colcon_core.package_identification:_identify(.) by extensions ['ignore', 'ignore_ament_install']
[0.144s] Level 1:colcon.colcon_core.package_identification:_identify(.) by extension 'ignore'
[0.144s] Level 1:colcon.colcon_core.package_identification:_identify(.) by extension 'ignore_ament_install'
[0.144s] Level 1:colcon.colcon_core.package_identification:_identify(.) by extensions ['colcon_pkg']
[0.144s] Level 1:colcon.colcon_core.package_identification:_identify(.) by extension 'colcon_pkg'
[0.144s] Level 1:colcon.colcon_core.package_identification:_identify(.) by extensions ['colcon_meta']
[0.144s] Level 1:colcon.colcon_core.package_identification:_identify(.) by extension 'colcon_meta'
[0.144s] Level 1:colcon.colcon_core.package_identification:_identify(.) by extensions ['ros']
[0.144s] Level 1:colcon.colcon_core.package_identification:_identify(.) by extension 'ros'
[0.151s] Level 1:colcon.colcon_core.package_identification:_identify(.) by extensions ['cmake', 'python']
[0.151s] Level 1:colcon.colcon_core.package_identification:_identify(.) by extension 'cmake'
[0.151s] Level 1:colcon.colcon_core.package_identification:_identify(.) by extension 'python'
[0.151s] Level 1:colcon.colcon_core.package_identification:_identify(.) by extensions ['python_setup_py']
[0.151s] Level 1:colcon.colcon_core.package_identification:_identify(.) by extension 'python_setup_py'
[0.151s] Level 1:colcon.colcon_core.package_identification:_identify(build) by extensions ['ignore', 'ignore_ament_install']
[0.151s] Level 1:colcon.colcon_core.package_identification:_identify(build) by extension 'ignore'
[0.152s] Level 1:colcon.colcon_core.package_identification:_identify(build) ignored
[0.152s] Level 1:colcon.colcon_core.package_identification:_identify(install) by extensions ['ignore', 'ignore_ament_install']
[0.152s] Level 1:colcon.colcon_core.package_identification:_identify(install) by extension 'ignore'
[0.152s] Level 1:colcon.colcon_core.package_identification:_identify(install) ignored
[0.152s] Level 1:colcon.colcon_core.package_identification:_identify(log) by extensions ['ignore', 'ignore_ament_install']
[0.152s] Level 1:colcon.colcon_core.package_identification:_identify(log) by extension 'ignore'
[0.152s] Level 1:colcon.colcon_core.package_identification:_identify(log) ignored
[0.152s] Level 1:colcon.colcon_core.package_identification:_identify(session1) by extensions ['ignore', 'ignore_ament_install']
[0.152s] Level 1:colcon.colcon_core.package_identification:_identify(session1) by extension 'ignore'
[0.152s] Level 1:colcon.colcon_core.package_identification:_identify(session1) by extension 'ignore_ament_install'
[0.152s] Level 1:colcon.colcon_core.package_identification:_identify(session1) by extensions ['colcon_pkg']
[0.152s] Level 1:colcon.colcon_core.package_identification:_identify(session1) by extension 'colcon_pkg'
[0.152s] Level 1:colcon.colcon_core.package_identification:_identify(session1) by extensions ['colcon_meta']
[0.152s] Level 1:colcon.colcon_core.package_identification:_identify(session1) by extension 'colcon_meta'
[0.152s] Level 1:colcon.colcon_core.package_identification:_identify(session1) by extensions ['ros']
[0.152s] Level 1:colcon.colcon_core.package_identification:_identify(session1) by extension 'ros'
[0.152s] Level 1:colcon.colcon_core.package_identification:_identify(session1) by extensions ['cmake', 'python']
[0.152s] Level 1:colcon.colcon_core.package_identification:_identify(session1) by extension 'cmake'
[0.152s] Level 1:colcon.colcon_core.package_identification:_identify(session1) by extension 'python'
[0.152s] Level 1:colcon.colcon_core.package_identification:_identify(session1) by extensions ['python_setup_py']
[0.152s] Level 1:colcon.colcon_core.package_identification:_identify(session1) by extension 'python_setup_py'
[0.152s] Level 1:colcon.colcon_core.package_identification:_identify(session2) by extensions ['ignore', 'ignore_ament_install']
[0.152s] Level 1:colcon.colcon_core.package_identification:_identify(session2) by extension 'ignore'
[0.152s] Level 1:colcon.colcon_core.package_identification:_identify(session2) by extension 'ignore_ament_install'
[0.152s] Level 1:colcon.colcon_core.package_identification:_identify(session2) by extensions ['colcon_pkg']
[0.152s] Level 1:colcon.colcon_core.package_identification:_identify(session2) by extension 'colcon_pkg'
[0.152s] Level 1:colcon.colcon_core.package_identification:_identify(session2) by extensions ['colcon_meta']
[0.152s] Level 1:colcon.colcon_core.package_identification:_identify(session2) by extension 'colcon_meta'
[0.152s] Level 1:colcon.colcon_core.package_identification:_identify(session2) by extensions ['ros']
[0.152s] Level 1:colcon.colcon_core.package_identification:_identify(session2) by extension 'ros'
[0.152s] Level 1:colcon.colcon_core.package_identification:_identify(session2) by extensions ['cmake', 'python']
[0.152s] Level 1:colcon.colcon_core.package_identification:_identify(session2) by extension 'cmake'
[0.152s] Level 1:colcon.colcon_core.package_identification:_identify(session2) by extension 'python'
[0.152s] Level 1:colcon.colcon_core.package_identification:_identify(session2) by extensions ['python_setup_py']
[0.152s] Level 1:colcon.colcon_core.package_identification:_identify(session2) by extension 'python_setup_py'
[0.152s] Level 1:colcon.colcon_core.package_identification:_identify(session3) by extensions ['ignore', 'ignore_ament_install']
[0.152s] Level 1:colcon.colcon_core.package_identification:_identify(session3) by extension 'ignore'
[0.153s] Level 1:colcon.colcon_core.package_identification:_identify(session3) by extension 'ignore_ament_install'
[0.153s] Level 1:colcon.colcon_core.package_identification:_identify(session3) by extensions ['colcon_pkg']
[0.153s] Level 1:colcon.colcon_core.package_identification:_identify(session3) by extension 'colcon_pkg'
[0.153s] Level 1:colcon.colcon_core.package_identification:_identify(session3) by extensions ['colcon_meta']
[0.153s] Level 1:colcon.colcon_core.package_identification:_identify(session3) by extension 'colcon_meta'
[0.153s] Level 1:colcon.colcon_core.package_identification:_identify(session3) by extensions ['ros']
[0.153s] Level 1:colcon.colcon_core.package_identification:_identify(session3) by extension 'ros'
[0.153s] Level 1:colcon.colcon_core.package_identification:_identify(session3) by extensions ['cmake', 'python']
[0.153s] Level 1:colcon.colcon_core.package_identification:_identify(session3) by extension 'cmake'
[0.153s] Level 1:colcon.colcon_core.package_identification:_identify(session3) by extension 'python'
[0.153s] Level 1:colcon.colcon_core.package_identification:_identify(session3) by extensions ['python_setup_py']
[0.153s] Level 1:colcon.colcon_core.package_identification:_identify(session3) by extension 'python_setup_py'
[0.153s] Level 1:colcon.colcon_core.package_identification:_identify(session3/myrobot_1_bringup) by extensions ['ignore', 'ignore_ament_install']
[0.153s] Level 1:colcon.colcon_core.package_identification:_identify(session3/myrobot_1_bringup) by extension 'ignore'
[0.153s] Level 1:colcon.colcon_core.package_identification:_identify(session3/myrobot_1_bringup) by extension 'ignore_ament_install'
[0.153s] Level 1:colcon.colcon_core.package_identification:_identify(session3/myrobot_1_bringup) by extensions ['colcon_pkg']
[0.153s] Level 1:colcon.colcon_core.package_identification:_identify(session3/myrobot_1_bringup) by extension 'colcon_pkg'
[0.153s] Level 1:colcon.colcon_core.package_identification:_identify(session3/myrobot_1_bringup) by extensions ['colcon_meta']
[0.153s] Level 1:colcon.colcon_core.package_identification:_identify(session3/myrobot_1_bringup) by extension 'colcon_meta'
[0.153s] Level 1:colcon.colcon_core.package_identification:_identify(session3/myrobot_1_bringup) by extensions ['ros']
[0.153s] Level 1:colcon.colcon_core.package_identification:_identify(session3/myrobot_1_bringup) by extension 'ros'
[0.154s] DEBUG:colcon.colcon_core.package_identification:Package 'session3/myrobot_1_bringup' with type 'ros.ament_cmake' and name 'myrobot_1_bringup'
[0.154s] Level 1:colcon.colcon_core.package_identification:_identify(session3/myrobot_1_description) by extensions ['ignore', 'ignore_ament_install']
[0.154s] Level 1:colcon.colcon_core.package_identification:_identify(session3/myrobot_1_description) by extension 'ignore'
[0.154s] Level 1:colcon.colcon_core.package_identification:_identify(session3/myrobot_1_description) by extension 'ignore_ament_install'
[0.154s] Level 1:colcon.colcon_core.package_identification:_identify(session3/myrobot_1_description) by extensions ['colcon_pkg']
[0.155s] Level 1:colcon.colcon_core.package_identification:_identify(session3/myrobot_1_description) by extension 'colcon_pkg'
[0.155s] Level 1:colcon.colcon_core.package_identification:_identify(session3/myrobot_1_description) by extensions ['colcon_meta']
[0.155s] Level 1:colcon.colcon_core.package_identification:_identify(session3/myrobot_1_description) by extension 'colcon_meta'
[0.155s] Level 1:colcon.colcon_core.package_identification:_identify(session3/myrobot_1_description) by extensions ['ros']
[0.155s] Level 1:colcon.colcon_core.package_identification:_identify(session3/myrobot_1_description) by extension 'ros'
[0.155s] DEBUG:colcon.colcon_core.package_identification:Package 'session3/myrobot_1_description' with type 'ros.ament_cmake' and name 'myrobot_1_description'
[0.155s] Level 1:colcon.colcon_core.package_discovery:discover_packages(recursive) using defaults
[0.155s] Level 1:colcon.colcon_core.package_discovery:discover_packages(ignore) discover
[0.155s] Level 1:colcon.colcon_core.package_discovery:discover_packages(ignore) using defaults
[0.155s] Level 1:colcon.colcon_core.package_discovery:discover_packages(path) discover
[0.155s] Level 1:colcon.colcon_core.package_discovery:discover_packages(path) using defaults
[0.167s] Level 1:colcon.colcon_core.package_discovery:discover_packages(prefix_path) check parameters
[0.167s] Level 1:colcon.colcon_core.package_discovery:discover_packages(prefix_path) discover
[0.168s] DEBUG:colcon.colcon_installed_package_information.package_discovery:Found 2 installed packages in /home/ir-t12/ir_ws/install
[0.169s] DEBUG:colcon.colcon_installed_package_information.package_discovery:Found 313 installed packages in /opt/ros/humble
[0.175s] Level 1:colcon.colcon_core.package_discovery:discover_packages(prefix_path) using defaults
[0.197s] Level 5:colcon.colcon_core.verb:set package 'myrobot_1_bringup' build argument 'cmake_args' from command line to 'None'
[0.197s] Level 5:colcon.colcon_core.verb:set package 'myrobot_1_bringup' build argument 'cmake_target' from command line to 'None'
[0.197s] Level 5:colcon.colcon_core.verb:set package 'myrobot_1_bringup' build argument 'cmake_target_skip_unavailable' from command line to 'False'
[0.197s] Level 5:colcon.colcon_core.verb:set package 'myrobot_1_bringup' build argument 'cmake_clean_cache' from command line to 'False'
[0.197s] Level 5:colcon.colcon_core.verb:set package 'myrobot_1_bringup' build argument 'cmake_clean_first' from command line to 'False'
[0.197s] Level 5:colcon.colcon_core.verb:set package 'myrobot_1_bringup' build argument 'cmake_force_configure' from command line to 'False'
[0.197s] Level 5:colcon.colcon_core.verb:set package 'myrobot_1_bringup' build argument 'ament_cmake_args' from command line to 'None'
[0.197s] Level 5:colcon.colcon_core.verb:set package 'myrobot_1_bringup' build argument 'catkin_cmake_args' from command line to 'None'
[0.197s] Level 5:colcon.colcon_core.verb:set package 'myrobot_1_bringup' build argument 'catkin_skip_building_tests' from command line to 'False'
[0.197s] DEBUG:colcon.colcon_core.verb:Building package 'myrobot_1_bringup' with the following arguments: {'ament_cmake_args': None, 'build_base': '/home/ir-t12/ir_ws/src/build/myrobot_1_bringup', 'catkin_cmake_args': None, 'catkin_skip_building_tests': False, 'cmake_args': None, 'cmake_clean_cache': False, 'cmake_clean_first': False, 'cmake_force_configure': False, 'cmake_target': None, 'cmake_target_skip_unavailable': False, 'install_base': '/home/ir-t12/ir_ws/src/install/myrobot_1_bringup', 'merge_install': False, 'path': '/home/ir-t12/ir_ws/src/session3/myrobot_1_bringup', 'symlink_install': False, 'test_result_base': None}
[0.197s] Level 5:colcon.colcon_core.verb:set package 'myrobot_1_description' build argument 'cmake_args' from command line to 'None'
[0.198s] Level 5:colcon.colcon_core.verb:set package 'myrobot_1_description' build argument 'cmake_target' from command line to 'None'
[0.198s] Level 5:colcon.colcon_core.verb:set package 'myrobot_1_description' build argument 'cmake_target_skip_unavailable' from command line to 'False'
[0.198s] Level 5:colcon.colcon_core.verb:set package 'myrobot_1_description' build argument 'cmake_clean_cache' from command line to 'False'
[0.198s] Level 5:colcon.colcon_core.verb:set package 'myrobot_1_description' build argument 'cmake_clean_first' from command line to 'False'
[0.198s] Level 5:colcon.colcon_core.verb:set package 'myrobot_1_description' build argument 'cmake_force_configure' from command line to 'False'
[0.198s] Level 5:colcon.colcon_core.verb:set package 'myrobot_1_description' build argument 'ament_cmake_args' from command line to 'None'
[0.198s] Level 5:colcon.colcon_core.verb:set package 'myrobot_1_description' build argument 'catkin_cmake_args' from command line to 'None'
[0.198s] Level 5:colcon.colcon_core.verb:set package 'myrobot_1_description' build argument 'catkin_skip_building_tests' from command line to 'False'
[0.198s] DEBUG:colcon.colcon_core.verb:Building package 'myrobot_1_description' with the following arguments: {'ament_cmake_args': None, 'build_base': '/home/ir-t12/ir_ws/src/build/myrobot_1_description', 'catkin_cmake_args': None, 'catkin_skip_building_tests': False, 'cmake_args': None, 'cmake_clean_cache': False, 'cmake_clean_first': False, 'cmake_force_configure': False, 'cmake_target': None, 'cmake_target_skip_unavailable': False, 'install_base': '/home/ir-t12/ir_ws/src/install/myrobot_1_description', 'merge_install': False, 'path': '/home/ir-t12/ir_ws/src/session3/myrobot_1_description', 'symlink_install': False, 'test_result_base': None}
[0.198s] INFO:colcon.colcon_core.executor:Executing jobs using 'parallel' executor
[0.198s] DEBUG:colcon.colcon_parallel_executor.executor.parallel:run_until_complete
[0.198s] INFO:colcon.colcon_ros.task.ament_cmake.build:Building ROS package in '/home/ir-t12/ir_ws/src/session3/myrobot_1_bringup' with build type 'ament_cmake'
[0.198s] INFO:colcon.colcon_cmake.task.cmake.build:Building CMake package in '/home/ir-t12/ir_ws/src/session3/myrobot_1_bringup'
[0.200s] INFO:colcon.colcon_core.plugin_system:Skipping extension 'colcon_core.shell.bat': Not used on non-Windows systems
[0.200s] INFO:colcon.colcon_core.shell:Skip shell extension 'powershell' for command environment: Not usable outside of PowerShell
[0.200s] DEBUG:colcon.colcon_core.shell:Skip shell extension 'dsv' for command environment
[0.202s] INFO:colcon.colcon_ros.task.ament_cmake.build:Building ROS package in '/home/ir-t12/ir_ws/src/session3/myrobot_1_description' with build type 'ament_cmake'
[0.202s] INFO:colcon.colcon_cmake.task.cmake.build:Building CMake package in '/home/ir-t12/ir_ws/src/session3/myrobot_1_description'
[0.202s] INFO:colcon.colcon_core.shell:Skip shell extension 'powershell' for command environment: Not usable outside of PowerShell
[0.202s] DEBUG:colcon.colcon_core.shell:Skip shell extension 'dsv' for command environment
[0.206s] DEBUG:colcon.colcon_core.event_handler.log_command:Invoking command in '/home/ir-t12/ir_ws/src/build/myrobot_1_bringup': CMAKE_PREFIX_PATH=${CMAKE_PREFIX_PATH}:/opt/ros/humble /usr/bin/cmake --build /home/ir-t12/ir_ws/src/build/myrobot_1_bringup -- -j12 -l12
[0.208s] DEBUG:colcon.colcon_core.event_handler.log_command:Invoking command in '/home/ir-t12/ir_ws/src/build/myrobot_1_description': CMAKE_PREFIX_PATH=${CMAKE_PREFIX_PATH}:/opt/ros/humble /usr/bin/cmake --build /home/ir-t12/ir_ws/src/build/myrobot_1_description -- -j12 -l12
[0.231s] DEBUG:colcon.colcon_core.event_handler.log_command:Invoked command in '/home/ir-t12/ir_ws/src/build/myrobot_1_description' returned '0': CMAKE_PREFIX_PATH=${CMAKE_PREFIX_PATH}:/opt/ros/humble /usr/bin/cmake --build /home/ir-t12/ir_ws/src/build/myrobot_1_description -- -j12 -l12
[0.237s] DEBUG:colcon.colcon_core.event_handler.log_command:Invoking command in '/home/ir-t12/ir_ws/src/build/myrobot_1_description': CMAKE_PREFIX_PATH=${CMAKE_PREFIX_PATH}:/opt/ros/humble /usr/bin/cmake --install /home/ir-t12/ir_ws/src/build/myrobot_1_description
[0.242s] Level 1:colcon.colcon_core.environment:create_environment_scripts_only(myrobot_1_description)
[0.242s] DEBUG:colcon.colcon_core.event_handler.log_command:Invoked command in '/home/ir-t12/ir_ws/src/build/myrobot_1_description' returned '0': CMAKE_PREFIX_PATH=${CMAKE_PREFIX_PATH}:/opt/ros/humble /usr/bin/cmake --install /home/ir-t12/ir_ws/src/build/myrobot_1_description
[0.244s] Level 1:colcon.colcon_core.environment:checking '/home/ir-t12/ir_ws/src/install/myrobot_1_description' for CMake module files
[0.244s] Level 1:colcon.colcon_core.environment:checking '/home/ir-t12/ir_ws/src/install/myrobot_1_description' for CMake config files
[0.244s] Level 1:colcon.colcon_core.shell:create_environment_hook('myrobot_1_description', 'cmake_prefix_path')
[0.244s] INFO:colcon.colcon_core.shell:Creating environment hook '/home/ir-t12/ir_ws/src/install/myrobot_1_description/share/myrobot_1_description/hook/cmake_prefix_path.ps1'
[0.245s] INFO:colcon.colcon_core.shell:Creating environment descriptor '/home/ir-t12/ir_ws/src/install/myrobot_1_description/share/myrobot_1_description/hook/cmake_prefix_path.dsv'
[0.245s] INFO:colcon.colcon_core.shell:Creating environment hook '/home/ir-t12/ir_ws/src/install/myrobot_1_description/share/myrobot_1_description/hook/cmake_prefix_path.sh'
[0.246s] Level 1:colcon.colcon_core.environment:checking '/home/ir-t12/ir_ws/src/install/myrobot_1_description/bin'
[0.246s] Level 1:colcon.colcon_core.environment:checking '/home/ir-t12/ir_ws/src/install/myrobot_1_description/lib/pkgconfig/myrobot_1_description.pc'
[0.246s] Level 1:colcon.colcon_core.environment:checking '/home/ir-t12/ir_ws/src/install/myrobot_1_description/lib/python3.10/site-packages'
[0.246s] Level 1:colcon.colcon_core.environment:checking '/home/ir-t12/ir_ws/src/install/myrobot_1_description/bin'
[0.246s] INFO:colcon.colcon_core.shell:Creating package script '/home/ir-t12/ir_ws/src/install/myrobot_1_description/share/myrobot_1_description/package.ps1'
[0.247s] INFO:colcon.colcon_core.shell:Creating package descriptor '/home/ir-t12/ir_ws/src/install/myrobot_1_description/share/myrobot_1_description/package.dsv'
[0.247s] INFO:colcon.colcon_core.shell:Creating package script '/home/ir-t12/ir_ws/src/install/myrobot_1_description/share/myrobot_1_description/package.sh'
[0.247s] INFO:colcon.colcon_core.shell:Creating package script '/home/ir-t12/ir_ws/src/install/myrobot_1_description/share/myrobot_1_description/package.bash'
[0.248s] INFO:colcon.colcon_core.shell:Creating package script '/home/ir-t12/ir_ws/src/install/myrobot_1_description/share/myrobot_1_description/package.zsh'
[0.248s] Level 1:colcon.colcon_core.environment:create_file_with_runtime_dependencies(/home/ir-t12/ir_ws/src/install/myrobot_1_description/share/colcon-core/packages/myrobot_1_description)
[0.248s] Level 1:colcon.colcon_core.environment:create_environment_scripts_only(myrobot_1_description)
[0.249s] Level 1:colcon.colcon_core.environment:checking '/home/ir-t12/ir_ws/src/install/myrobot_1_description' for CMake module files
[0.249s] Level 1:colcon.colcon_core.environment:checking '/home/ir-t12/ir_ws/src/install/myrobot_1_description' for CMake config files
[0.249s] Level 1:colcon.colcon_core.shell:create_environment_hook('myrobot_1_description', 'cmake_prefix_path')
[0.249s] INFO:colcon.colcon_core.shell:Creating environment hook '/home/ir-t12/ir_ws/src/install/myrobot_1_description/share/myrobot_1_description/hook/cmake_prefix_path.ps1'
[0.249s] INFO:colcon.colcon_core.shell:Creating environment descriptor '/home/ir-t12/ir_ws/src/install/myrobot_1_description/share/myrobot_1_description/hook/cmake_prefix_path.dsv'
[0.249s] INFO:colcon.colcon_core.shell:Creating environment hook '/home/ir-t12/ir_ws/src/install/myrobot_1_description/share/myrobot_1_description/hook/cmake_prefix_path.sh'
[0.250s] Level 1:colcon.colcon_core.environment:checking '/home/ir-t12/ir_ws/src/install/myrobot_1_description/bin'
[0.250s] Level 1:colcon.colcon_core.environment:checking '/home/ir-t12/ir_ws/src/install/myrobot_1_description/lib/pkgconfig/myrobot_1_description.pc'
[0.250s] Level 1:colcon.colcon_core.environment:checking '/home/ir-t12/ir_ws/src/install/myrobot_1_description/lib/python3.10/site-packages'
[0.250s] Level 1:colcon.colcon_core.environment:checking '/home/ir-t12/ir_ws/src/install/myrobot_1_description/bin'
[0.250s] INFO:colcon.colcon_core.shell:Creating package script '/home/ir-t12/ir_ws/src/install/myrobot_1_description/share/myrobot_1_description/package.ps1'
[0.250s] INFO:colcon.colcon_core.shell:Creating package descriptor '/home/ir-t12/ir_ws/src/install/myrobot_1_description/share/myrobot_1_description/package.dsv'
[0.251s] INFO:colcon.colcon_core.shell:Creating package script '/home/ir-t12/ir_ws/src/install/myrobot_1_description/share/myrobot_1_description/package.sh'
[0.251s] INFO:colcon.colcon_core.shell:Creating package script '/home/ir-t12/ir_ws/src/install/myrobot_1_description/share/myrobot_1_description/package.bash'
[0.251s] INFO:colcon.colcon_core.shell:Creating package script '/home/ir-t12/ir_ws/src/install/myrobot_1_description/share/myrobot_1_description/package.zsh'
[0.251s] Level 1:colcon.colcon_core.environment:create_file_with_runtime_dependencies(/home/ir-t12/ir_ws/src/install/myrobot_1_description/share/colcon-core/packages/myrobot_1_description)
[0.353s] DEBUG:colcon.colcon_core.event_handler.log_command:Invoked command in '/home/ir-t12/ir_ws/src/build/myrobot_1_bringup' returned '0': CMAKE_PREFIX_PATH=${CMAKE_PREFIX_PATH}:/opt/ros/humble /usr/bin/cmake --build /home/ir-t12/ir_ws/src/build/myrobot_1_bringup -- -j12 -l12
[0.354s] DEBUG:colcon.colcon_core.event_handler.log_command:Invoking command in '/home/ir-t12/ir_ws/src/build/myrobot_1_bringup': CMAKE_PREFIX_PATH=${CMAKE_PREFIX_PATH}:/opt/ros/humble /usr/bin/cmake --install /home/ir-t12/ir_ws/src/build/myrobot_1_bringup
[0.359s] DEBUG:colcon.colcon_core.event_handler.log_command:Invoked command in '/home/ir-t12/ir_ws/src/build/myrobot_1_bringup' returned '1': CMAKE_PREFIX_PATH=${CMAKE_PREFIX_PATH}:/opt/ros/humble /usr/bin/cmake --install /home/ir-t12/ir_ws/src/build/myrobot_1_bringup
[0.359s] Level 1:colcon.colcon_core.environment:create_environment_scripts_only(myrobot_1_bringup)
[0.359s] Level 1:colcon.colcon_core.environment:checking '/home/ir-t12/ir_ws/src/install/myrobot_1_bringup' for CMake module files
[0.360s] Level 1:colcon.colcon_core.environment:checking '/home/ir-t12/ir_ws/src/install/myrobot_1_bringup' for CMake config files
[0.360s] Level 1:colcon.colcon_core.environment:checking '/home/ir-t12/ir_ws/src/install/myrobot_1_bringup/bin'
[0.360s] Level 1:colcon.colcon_core.environment:checking '/home/ir-t12/ir_ws/src/install/myrobot_1_bringup/lib/pkgconfig/myrobot_1_bringup.pc'
[0.360s] Level 1:colcon.colcon_core.environment:checking '/home/ir-t12/ir_ws/src/install/myrobot_1_bringup/lib/python3.10/site-packages'
[0.360s] Level 1:colcon.colcon_core.environment:checking '/home/ir-t12/ir_ws/src/install/myrobot_1_bringup/bin'
[0.360s] INFO:colcon.colcon_core.shell:Creating package script '/home/ir-t12/ir_ws/src/install/myrobot_1_bringup/share/myrobot_1_bringup/package.ps1'
[0.361s] INFO:colcon.colcon_core.shell:Creating package descriptor '/home/ir-t12/ir_ws/src/install/myrobot_1_bringup/share/myrobot_1_bringup/package.dsv'
[0.361s] INFO:colcon.colcon_core.shell:Creating package script '/home/ir-t12/ir_ws/src/install/myrobot_1_bringup/share/myrobot_1_bringup/package.sh'
[0.361s] INFO:colcon.colcon_core.shell:Creating package script '/home/ir-t12/ir_ws/src/install/myrobot_1_bringup/share/myrobot_1_bringup/package.bash'
[0.361s] INFO:colcon.colcon_core.shell:Creating package script '/home/ir-t12/ir_ws/src/install/myrobot_1_bringup/share/myrobot_1_bringup/package.zsh'
[0.361s] Level 1:colcon.colcon_core.environment:create_file_with_runtime_dependencies(/home/ir-t12/ir_ws/src/install/myrobot_1_bringup/share/colcon-core/packages/myrobot_1_bringup)
[0.372s] DEBUG:colcon.colcon_parallel_executor.executor.parallel:closing loop
[0.372s] DEBUG:colcon.colcon_parallel_executor.executor.parallel:loop closed
[0.372s] DEBUG:colcon.colcon_parallel_executor.executor.parallel:run_until_complete finished with '1'
[0.372s] DEBUG:colcon.colcon_core.event_reactor:joining thread
[0.376s] INFO:colcon.colcon_core.plugin_system:Skipping extension 'colcon_notification.desktop_notification.terminal_notifier': Not used on non-Darwin systems
[0.376s] INFO:colcon.colcon_core.plugin_system:Skipping extension 'colcon_notification.desktop_notification.win32': Not used on non-Windows systems
[0.376s] INFO:colcon.colcon_notification.desktop_notification:Sending desktop notification using 'notify2'
[0.386s] DEBUG:colcon.colcon_core.event_reactor:joined thread
[0.386s] INFO:colcon.colcon_core.shell:Creating prefix script '/home/ir-t12/ir_ws/src/install/local_setup.ps1'
[0.387s] INFO:colcon.colcon_core.shell:Creating prefix util module '/home/ir-t12/ir_ws/src/install/_local_setup_util_ps1.py'
[0.388s] INFO:colcon.colcon_core.shell:Creating prefix chain script '/home/ir-t12/ir_ws/src/install/setup.ps1'
[0.388s] INFO:colcon.colcon_core.shell:Creating prefix script '/home/ir-t12/ir_ws/src/install/local_setup.sh'
[0.389s] INFO:colcon.colcon_core.shell:Creating prefix util module '/home/ir-t12/ir_ws/src/install/_local_setup_util_sh.py'
[0.389s] INFO:colcon.colcon_core.shell:Creating prefix chain script '/home/ir-t12/ir_ws/src/install/setup.sh'
[0.391s] INFO:colcon.colcon_core.shell:Creating prefix script '/home/ir-t12/ir_ws/src/install/local_setup.bash'
[0.391s] INFO:colcon.colcon_core.shell:Creating prefix chain script '/home/ir-t12/ir_ws/src/install/setup.bash'
[0.392s] INFO:colcon.colcon_core.shell:Creating prefix script '/home/ir-t12/ir_ws/src/install/local_setup.zsh'
[0.393s] INFO:colcon.colcon_core.shell:Creating prefix chain script '/home/ir-t12/ir_ws/src/install/setup.zsh'
