-- Install configuration: ""
-- Up-to-date: /home/ir-t12/ir_ws/src/install/myrobot_1_description/share/myrobot_1_description//urdf
-- Up-to-date: /home/ir-t12/ir_ws/src/install/myrobot_1_description/share/myrobot_1_description//urdf/myrobot_1.urdf
-- Up-to-date: /home/ir-t12/ir_ws/src/install/myrobot_1_description/share/myrobot_1_description//launch
-- Up-to-date: /home/ir-t12/ir_ws/src/install/myrobot_1_description/share/myrobot_1_description//launch/display.launch.py
-- Up-to-date: /home/ir-t12/ir_ws/src/install/myrobot_1_description/share/myrobot_1_description//rviz
-- Up-to-date: /home/ir-t12/ir_ws/src/install/myrobot_1_description/share/myrobot_1_description//rviz/default.rviz
-- Up-to-date: /home/ir-t12/ir_ws/src/install/myrobot_1_description/share/ament_index/resource_index/package_run_dependencies/myrobot_1_description
-- Up-to-date: /home/ir-t12/ir_ws/src/install/myrobot_1_description/share/ament_index/resource_index/parent_prefix_path/myrobot_1_description
-- Up-to-date: /home/ir-t12/ir_ws/src/install/myrobot_1_description/share/myrobot_1_description/environment/ament_prefix_path.sh
-- Up-to-date: /home/ir-t12/ir_ws/src/install/myrobot_1_description/share/myrobot_1_description/environment/ament_prefix_path.dsv
-- Up-to-date: /home/ir-t12/ir_ws/src/install/myrobot_1_description/share/myrobot_1_description/environment/path.sh
-- Up-to-date: /home/ir-t12/ir_ws/src/install/myrobot_1_description/share/myrobot_1_description/environment/path.dsv
-- Up-to-date: /home/ir-t12/ir_ws/src/install/myrobot_1_description/share/myrobot_1_description/local_setup.bash
-- Up-to-date: /home/ir-t12/ir_ws/src/install/myrobot_1_description/share/myrobot_1_description/local_setup.sh
-- Up-to-date: /home/ir-t12/ir_ws/src/install/myrobot_1_description/share/myrobot_1_description/local_setup.zsh
-- Up-to-date: /home/ir-t12/ir_ws/src/install/myrobot_1_description/share/myrobot_1_description/local_setup.dsv
-- Up-to-date: /home/ir-t12/ir_ws/src/install/myrobot_1_description/share/myrobot_1_description/package.dsv
-- Up-to-date: /home/ir-t12/ir_ws/src/install/myrobot_1_description/share/ament_index/resource_index/packages/myrobot_1_description
-- Up-to-date: /home/ir-t12/ir_ws/src/install/myrobot_1_description/share/myrobot_1_description/cmake/myrobot_1_descriptionConfig.cmake
-- Up-to-date: /home/ir-t12/ir_ws/src/install/myrobot_1_description/share/myrobot_1_description/cmake/myrobot_1_descriptionConfig-version.cmake
-- Up-to-date: /home/ir-t12/ir_ws/src/install/myrobot_1_description/share/myrobot_1_description/package.xml
