[0.006s] Invoking command in '/home/ir-t12/ir_ws/src/build/myrobot_1_description': CMAKE_PREFIX_PATH=${CMAKE_PREFIX_PATH}:/opt/ros/humble /usr/bin/cmake --build /home/ir-t12/ir_ws/src/build/myrobot_1_description -- -j12 -l12
[0.029s] Invoked command in '/home/ir-t12/ir_ws/src/build/myrobot_1_description' returned '0': CMAKE_PREFIX_PATH=${CMAKE_PREFIX_PATH}:/opt/ros/humble /usr/bin/cmake --build /home/ir-t12/ir_ws/src/build/myrobot_1_description -- -j12 -l12
[0.035s] Invoking command in '/home/ir-t12/ir_ws/src/build/myrobot_1_description': CMAKE_PREFIX_PATH=${CMAKE_PREFIX_PATH}:/opt/ros/humble /usr/bin/cmake --install /home/ir-t12/ir_ws/src/build/myrobot_1_description
[0.039s] -- Install configuration: ""
[0.039s] -- Up-to-date: /home/ir-t12/ir_ws/src/install/myrobot_1_description/share/myrobot_1_description//urdf
[0.039s] -- Up-to-date: /home/ir-t12/ir_ws/src/install/myrobot_1_description/share/myrobot_1_description//urdf/myrobot_1.urdf
[0.039s] -- Up-to-date: /home/ir-t12/ir_ws/src/install/myrobot_1_description/share/myrobot_1_description//launch
[0.039s] -- Up-to-date: /home/ir-t12/ir_ws/src/install/myrobot_1_description/share/myrobot_1_description//launch/display.launch.py
[0.039s] -- Up-to-date: /home/ir-t12/ir_ws/src/install/myrobot_1_description/share/myrobot_1_description//rviz
[0.039s] -- Up-to-date: /home/ir-t12/ir_ws/src/install/myrobot_1_description/share/myrobot_1_description//rviz/default.rviz
[0.039s] -- Up-to-date: /home/ir-t12/ir_ws/src/install/myrobot_1_description/share/ament_index/resource_index/package_run_dependencies/myrobot_1_description
[0.039s] -- Up-to-date: /home/ir-t12/ir_ws/src/install/myrobot_1_description/share/ament_index/resource_index/parent_prefix_path/myrobot_1_description
[0.039s] -- Up-to-date: /home/ir-t12/ir_ws/src/install/myrobot_1_description/share/myrobot_1_description/environment/ament_prefix_path.sh
[0.039s] -- Up-to-date: /home/ir-t12/ir_ws/src/install/myrobot_1_description/share/myrobot_1_description/environment/ament_prefix_path.dsv
[0.039s] -- Up-to-date: /home/ir-t12/ir_ws/src/install/myrobot_1_description/share/myrobot_1_description/environment/path.sh
[0.039s] -- Up-to-date: /home/ir-t12/ir_ws/src/install/myrobot_1_description/share/myrobot_1_description/environment/path.dsv
[0.039s] -- Up-to-date: /home/ir-t12/ir_ws/src/install/myrobot_1_description/share/myrobot_1_description/local_setup.bash
[0.039s] -- Up-to-date: /home/ir-t12/ir_ws/src/install/myrobot_1_description/share/myrobot_1_description/local_setup.sh
[0.040s] -- Up-to-date: /home/ir-t12/ir_ws/src/install/myrobot_1_description/share/myrobot_1_description/local_setup.zsh
[0.040s] -- Up-to-date: /home/ir-t12/ir_ws/src/install/myrobot_1_description/share/myrobot_1_description/local_setup.dsv
[0.040s] -- Up-to-date: /home/ir-t12/ir_ws/src/install/myrobot_1_description/share/myrobot_1_description/package.dsv
[0.040s] -- Up-to-date: /home/ir-t12/ir_ws/src/install/myrobot_1_description/share/ament_index/resource_index/packages/myrobot_1_description
[0.040s] -- Up-to-date: /home/ir-t12/ir_ws/src/install/myrobot_1_description/share/myrobot_1_description/cmake/myrobot_1_descriptionConfig.cmake
[0.040s] -- Up-to-date: /home/ir-t12/ir_ws/src/install/myrobot_1_description/share/myrobot_1_description/cmake/myrobot_1_descriptionConfig-version.cmake
[0.040s] -- Up-to-date: /home/ir-t12/ir_ws/src/install/myrobot_1_description/share/myrobot_1_description/package.xml
[0.040s] Invoked command in '/home/ir-t12/ir_ws/src/build/myrobot_1_description' returned '0': CMAKE_PREFIX_PATH=${CMAKE_PREFIX_PATH}:/opt/ros/humble /usr/bin/cmake --install /home/ir-t12/ir_ws/src/build/myrobot_1_description
