[0.007s] Invoking command in '/home/ir-t12/ir_ws/src/build/myrobot_1_bringup': CMAKE_PREFIX_PATH=${CMAKE_PREFIX_PATH}:/opt/ros/humble /usr/bin/cmake /home/ir-t12/ir_ws/src/session3/myrobot_1_bringup -DCMAKE_INSTALL_PREFIX=/home/ir-t12/ir_ws/src/install/myrobot_1_bringup
[0.040s] -- The C compiler identification is GNU 11.4.0
[0.075s] -- The CXX compiler identification is GNU 11.4.0
[0.079s] -- Detecting C compiler ABI info
[0.120s] -- Detecting C compiler ABI info - done
[0.125s] -- Check for working C compiler: /usr/bin/cc - skipped
[0.125s] -- Detecting C compile features
[0.125s] -- Detecting C compile features - done
[0.127s] -- Detecting CXX compiler ABI info
[0.174s] -- Detecting CXX compiler ABI info - done
[0.179s] -- Check for working CXX compiler: /usr/bin/c++ - skipped
[0.179s] -- Detecting CXX compile features
[0.180s] -- Detecting CXX compile features - done
[0.181s] -- Found ament_cmake: 1.3.11 (/opt/ros/humble/share/ament_cmake/cmake)
[0.273s] -- Found Python3: /usr/bin/python3 (found version "3.10.12") found components: Interpreter 
[0.363s] -- Configuring done
[0.365s] -- Generating done
[0.366s] -- Build files have been written to: /home/ir-t12/ir_ws/src/build/myrobot_1_bringup
[0.368s] Invoked command in '/home/ir-t12/ir_ws/src/build/myrobot_1_bringup' returned '0': CMAKE_PREFIX_PATH=${CMAKE_PREFIX_PATH}:/opt/ros/humble /usr/bin/cmake /home/ir-t12/ir_ws/src/session3/myrobot_1_bringup -DCMAKE_INSTALL_PREFIX=/home/ir-t12/ir_ws/src/install/myrobot_1_bringup
[0.369s] Invoking command in '/home/ir-t12/ir_ws/src/build/myrobot_1_bringup': CMAKE_PREFIX_PATH=${CMAKE_PREFIX_PATH}:/opt/ros/humble /usr/bin/cmake --build /home/ir-t12/ir_ws/src/build/myrobot_1_bringup -- -j12 -l12
[0.398s] Invoked command in '/home/ir-t12/ir_ws/src/build/myrobot_1_bringup' returned '0': CMAKE_PREFIX_PATH=${CMAKE_PREFIX_PATH}:/opt/ros/humble /usr/bin/cmake --build /home/ir-t12/ir_ws/src/build/myrobot_1_bringup -- -j12 -l12
[0.399s] Invoking command in '/home/ir-t12/ir_ws/src/build/myrobot_1_bringup': CMAKE_PREFIX_PATH=${CMAKE_PREFIX_PATH}:/opt/ros/humble /usr/bin/cmake --install /home/ir-t12/ir_ws/src/build/myrobot_1_bringup
[0.405s] [31mCMake Error at cmake_install.cmake:46 (file):
[0.405s]   file INSTALL cannot find
[0.405s]   "/home/ir-t12/ir_ws/src/session3/myrobot_1_bringup/urdf": No such file or
[0.405s]   directory.
[0.405s] 
[0.405s] [0m
[0.405s] -- Install configuration: ""
[0.414s] Invoked command in '/home/ir-t12/ir_ws/src/build/myrobot_1_bringup' returned '1': CMAKE_PREFIX_PATH=${CMAKE_PREFIX_PATH}:/opt/ros/humble /usr/bin/cmake --install /home/ir-t12/ir_ws/src/build/myrobot_1_bringup
