[0.005s] Invoking command in '/home/ir-t12/ir_ws/src/build/myrobot_1_description': CMAKE_PREFIX_PATH=${CMAKE_PREFIX_PATH}:/opt/ros/humble /usr/bin/cmake /home/ir-t12/ir_ws/src/session3/myrobot_1_description -DCMAKE_INSTALL_PREFIX=/home/ir-t12/ir_ws/src/install/myrobot_1_description
[0.038s] -- The C compiler identification is GNU 11.4.0
[0.072s] -- The CXX compiler identification is GNU 11.4.0
[0.076s] -- Detecting C compiler ABI info
[0.116s] -- Detecting C compiler ABI info - done
[0.121s] -- Check for working C compiler: /usr/bin/cc - skipped
[0.121s] -- Detecting C compile features
[0.121s] -- Detecting C compile features - done
[0.123s] -- Detecting CXX compiler ABI info
[0.171s] -- Detecting CXX compiler ABI info - done
[0.176s] -- Check for working CXX compiler: /usr/bin/c++ - skipped
[0.176s] -- Detecting CXX compile features
[0.176s] -- Detecting CXX compile features - done
[0.178s] -- Found ament_cmake: 1.3.11 (/opt/ros/humble/share/ament_cmake/cmake)
[0.269s] -- Found Python3: /usr/bin/python3 (found version "3.10.12") found components: Interpreter 
[0.360s] -- Configuring done
[0.362s] -- Generating done
[0.363s] -- Build files have been written to: /home/ir-t12/ir_ws/src/build/myrobot_1_description
[0.367s] Invoked command in '/home/ir-t12/ir_ws/src/build/myrobot_1_description' returned '0': CMAKE_PREFIX_PATH=${CMAKE_PREFIX_PATH}:/opt/ros/humble /usr/bin/cmake /home/ir-t12/ir_ws/src/session3/myrobot_1_description -DCMAKE_INSTALL_PREFIX=/home/ir-t12/ir_ws/src/install/myrobot_1_description
[0.368s] Invoking command in '/home/ir-t12/ir_ws/src/build/myrobot_1_description': CMAKE_PREFIX_PATH=${CMAKE_PREFIX_PATH}:/opt/ros/humble /usr/bin/cmake --build /home/ir-t12/ir_ws/src/build/myrobot_1_description -- -j12 -l12
[0.389s] Invoked command in '/home/ir-t12/ir_ws/src/build/myrobot_1_description' returned '0': CMAKE_PREFIX_PATH=${CMAKE_PREFIX_PATH}:/opt/ros/humble /usr/bin/cmake --build /home/ir-t12/ir_ws/src/build/myrobot_1_description -- -j12 -l12
[0.395s] Invoking command in '/home/ir-t12/ir_ws/src/build/myrobot_1_description': CMAKE_PREFIX_PATH=${CMAKE_PREFIX_PATH}:/opt/ros/humble /usr/bin/cmake --install /home/ir-t12/ir_ws/src/build/myrobot_1_description
[0.399s] -- Install configuration: ""
[0.399s] -- Installing: /home/ir-t12/ir_ws/src/install/myrobot_1_description/share/myrobot_1_description//urdf
[0.399s] -- Installing: /home/ir-t12/ir_ws/src/install/myrobot_1_description/share/myrobot_1_description//urdf/myrobot_1.urdf
[0.399s] -- Installing: /home/ir-t12/ir_ws/src/install/myrobot_1_description/share/myrobot_1_description//launch
[0.399s] -- Installing: /home/ir-t12/ir_ws/src/install/myrobot_1_description/share/myrobot_1_description//launch/display.launch.py
[0.399s] -- Installing: /home/ir-t12/ir_ws/src/install/myrobot_1_description/share/myrobot_1_description//rviz
[0.399s] -- Installing: /home/ir-t12/ir_ws/src/install/myrobot_1_description/share/myrobot_1_description//rviz/default.rviz
[0.399s] -- Installing: /home/ir-t12/ir_ws/src/install/myrobot_1_description/share/ament_index/resource_index/package_run_dependencies/myrobot_1_description
[0.399s] -- Installing: /home/ir-t12/ir_ws/src/install/myrobot_1_description/share/ament_index/resource_index/parent_prefix_path/myrobot_1_description
[0.399s] -- Installing: /home/ir-t12/ir_ws/src/install/myrobot_1_description/share/myrobot_1_description/environment/ament_prefix_path.sh
[0.400s] -- Installing: /home/ir-t12/ir_ws/src/install/myrobot_1_description/share/myrobot_1_description/environment/ament_prefix_path.dsv
[0.400s] -- Installing: /home/ir-t12/ir_ws/src/install/myrobot_1_description/share/myrobot_1_description/environment/path.sh
[0.400s] -- Installing: /home/ir-t12/ir_ws/src/install/myrobot_1_description/share/myrobot_1_description/environment/path.dsv
[0.400s] -- Installing: /home/ir-t12/ir_ws/src/install/myrobot_1_description/share/myrobot_1_description/local_setup.bash
[0.400s] -- Installing: /home/ir-t12/ir_ws/src/install/myrobot_1_description/share/myrobot_1_description/local_setup.sh
[0.400s] -- Installing: /home/ir-t12/ir_ws/src/install/myrobot_1_description/share/myrobot_1_description/local_setup.zsh
[0.400s] -- Installing: /home/ir-t12/ir_ws/src/install/myrobot_1_description/share/myrobot_1_description/local_setup.dsv
[0.400s] -- Installing: /home/ir-t12/ir_ws/src/install/myrobot_1_description/share/myrobot_1_description/package.dsv
[0.400s] -- Installing: /home/ir-t12/ir_ws/src/install/myrobot_1_description/share/ament_index/resource_index/packages/myrobot_1_description
[0.400s] -- Installing: /home/ir-t12/ir_ws/src/install/myrobot_1_description/share/myrobot_1_description/cmake/myrobot_1_descriptionConfig.cmake
[0.400s] -- Installing: /home/ir-t12/ir_ws/src/install/myrobot_1_description/share/myrobot_1_description/cmake/myrobot_1_descriptionConfig-version.cmake
[0.400s] -- Installing: /home/ir-t12/ir_ws/src/install/myrobot_1_description/share/myrobot_1_description/package.xml
[0.401s] Invoked command in '/home/ir-t12/ir_ws/src/build/myrobot_1_description' returned '0': CMAKE_PREFIX_PATH=${CMAKE_PREFIX_PATH}:/opt/ros/humble /usr/bin/cmake --install /home/ir-t12/ir_ws/src/build/myrobot_1_description
